[0.115s] Invoking command in '/home/maria/ros2_coche/build/c4_gps': AMENT_PREFIX_PATH=/home/maria/ros2_coche/install/nmea_msgs:${AMENT_PREFIX_PATH} CMAKE_PREFIX_PATH=/opt/ros/humble:/home/maria/ros2_coche/install/nmea_msgs LD_LIBRARY_PATH=/home/maria/ros2_coche/install/nmea_msgs/lib:${LD_LIBRARY_PATH} PYTHONPATH=/home/maria/ros2_coche/install/nmea_msgs/local/lib/python3.10/dist-packages:${PYTHONPATH} /usr/bin/cmake --build /home/maria/ros2_coche/build/c4_gps -- -j12 -l12
[0.200s] [35m[1mConsolidate compiler generated dependencies of target t_gps[0m
[0.267s] [ 50%] [32mBuilding CXX object CMakeFiles/t_gps.dir/src/trimble_gps.cpp.o[0m
[4.288s] [01m[K/home/maria/ros2_coche/src/c4_gps/src/trimble_gps.cpp:[m[K In member function â€˜[01m[Kvoid TrimbleGps::gpgga_callback()[m[Kâ€™:
[4.288s] [01m[K/home/maria/ros2_coche/src/c4_gps/src/trimble_gps.cpp:87:42:[m[K [01;31m[Kerror: [m[Kinvalid operands of types â€˜[01m[Kconst char [12][m[Kâ€™ and â€˜[01m[Kbuiltin_interfaces::msg::Time_<std::allocator<void> >::_sec_type[m[Kâ€™ {aka â€˜[01m[Kint[m[Kâ€™} to binary â€˜[01m[Koperator<<[m[Kâ€™
[4.288s]    87 |           message_struct = [32m[K"Timestamp: "[m[K [01;31m[K<<[m[K [34m[Kmessage.header.stamp.sec[m[K << ", Latitude: " << message.lat;
[4.288s]       |                            [32m[K~~~~~~~~~~~~~[m[K [01;31m[K^~[m[K [34m[K~~~~~~~~~~~~~~~~~~~~~~~~[m[K
[4.288s]       |                            [32m[K|[m[K                                     [34m[K|[m[K
[4.288s]       |                            [32m[Kconst char [12][m[K                       [34m[Kbuiltin_interfaces::msg::Time_<std::allocator<void> >::_sec_type {aka int}[m[K
[4.289s] [01m[K/home/maria/ros2_coche/src/c4_gps/src/trimble_gps.cpp:91:24:[m[K [01;31m[Kerror: [m[Kinvalid array assignment
[4.289s]    91 |             [01;31m[Kmessagegps = message_struct[m[K;
[4.289s]       |             [01;31m[K~~~~~~~~~~~^~~~~~~~~~~~~~~~[m[K
[5.476s] gmake[2]: *** [CMakeFiles/t_gps.dir/build.make:76: CMakeFiles/t_gps.dir/src/trimble_gps.cpp.o] Error 1
[5.476s] gmake[1]: *** [CMakeFiles/Makefile2:137: CMakeFiles/t_gps.dir/all] Error 2
[5.476s] gmake: *** [Makefile:146: all] Error 2
[5.479s] Invoked command in '/home/maria/ros2_coche/build/c4_gps' returned '2': AMENT_PREFIX_PATH=/home/maria/ros2_coche/install/nmea_msgs:${AMENT_PREFIX_PATH} CMAKE_PREFIX_PATH=/opt/ros/humble:/home/maria/ros2_coche/install/nmea_msgs LD_LIBRARY_PATH=/home/maria/ros2_coche/install/nmea_msgs/lib:${LD_LIBRARY_PATH} PYTHONPATH=/home/maria/ros2_coche/install/nmea_msgs/local/lib/python3.10/dist-packages:${PYTHONPATH} /usr/bin/cmake --build /home/maria/ros2_coche/build/c4_gps -- -j12 -l12
