[35m[1mConsolidate compiler generated dependencies of target t_gps[0m
[ 50%] [32mBuilding CXX object CMakeFiles/t_gps.dir/src/trimble_gps.cpp.o[0m
[01m[K/home/maria/ros2_coche/src/c4_gps/src/trimble_gps.cpp:[m[K In member function â€˜[01m[Kvoid TrimbleGps::timer_callback()[m[Kâ€™:
[01m[K/home/maria/ros2_coche/src/c4_gps/src/trimble_gps.cpp:89:22:[m[K [01;35m[Kwarning: [m[Kformat â€˜[01m[K%s[m[Kâ€™ expects argument of type â€˜[01m[Kchar*[m[Kâ€™, but argument 2 has type â€˜[01m[Kstd::string[m[Kâ€™ {aka â€˜[01m[Kstd::__cxx11::basic_string<char>[m[Kâ€™} [[01;35m[K]8;;https://gcc.gnu.org/onlinedocs/gcc/Warning-Options.html#index-Wformat=-Wformat=]8;;[m[K]
   89 |             printf("[01;35m[K%s[m[K\n", message_struct);
      |                     [01;35m[K~^[m[K
      |                      [01;35m[K|[m[K
      |                      [01;35m[Kchar*[m[K
[01m[K/home/maria/ros2_coche/src/c4_gps/src/trimble_gps.cpp:90:24:[m[K [01;31m[Kerror: [m[Kincompatible types in assignment of â€˜[01m[Kstd::string[m[Kâ€™ {aka â€˜[01m[Kstd::__cxx11::basic_string<char>[m[Kâ€™} to â€˜[01m[Kchar [100][m[Kâ€™
   90 |             [01;31m[Kmessagegps = message_struct[m[K;
      |             [01;31m[K~~~~~~~~~~~^~~~~~~~~~~~~~~~[m[K
gmake[2]: *** [CMakeFiles/t_gps.dir/build.make:76: CMakeFiles/t_gps.dir/src/trimble_gps.cpp.o] Error 1
gmake[1]: *** [CMakeFiles/Makefile2:137: CMakeFiles/t_gps.dir/all] Error 2
gmake: *** [Makefile:146: all] Error 2
