[0.022s] Invoking command in '/home/maria/ros2_coche/build/nmea_msgs': /usr/bin/cmake /home/maria/ros2_coche/src/nmea_msgs -DCMAKE_INSTALL_PREFIX=/home/maria/ros2_coche/install/nmea_msgs
[0.138s] -- The C compiler identification is GNU 11.3.0
[0.362s] -- The CXX compiler identification is GNU 11.3.0
[0.398s] -- Detecting C compiler ABI info
[0.594s] -- Detecting C compiler ABI info - done
[0.613s] -- Check for working C compiler: /usr/bin/cc - skipped
[0.613s] -- Detecting C compile features
[0.614s] -- Detecting C compile features - done
[0.619s] -- Detecting CXX compiler ABI info
[0.785s] -- Detecting CXX compiler ABI info - done
[0.816s] -- Check for working CXX compiler: /usr/bin/c++ - skipped
[0.817s] -- Detecting CXX compile features
[0.818s] -- Detecting CXX compile features - done
[0.828s] -- Found ament_cmake: 1.3.3 (/opt/ros/humble/share/ament_cmake/cmake)
[1.433s] -- Found Python3: /usr/bin/python3.10 (found version "3.10.6") found components: Interpreter 
[1.710s] -- Found std_msgs: 4.2.3 (/opt/ros/humble/share/std_msgs/cmake)
[1.819s] -- Found rosidl_generator_c: 3.1.4 (/opt/ros/humble/share/rosidl_generator_c/cmake)
[1.832s] -- Found rosidl_adapter: 3.1.4 (/opt/ros/humble/share/rosidl_adapter/cmake)
[1.855s] -- Found rosidl_generator_cpp: 3.1.4 (/opt/ros/humble/share/rosidl_generator_cpp/cmake)
[1.895s] -- Using all available rosidl_typesupport_c: rosidl_typesupport_fastrtps_c;rosidl_typesupport_introspection_c
[1.932s] -- Using all available rosidl_typesupport_cpp: rosidl_typesupport_fastrtps_cpp;rosidl_typesupport_introspection_cpp
[2.030s] -- Found rosidl_default_generators: 1.2.0 (/opt/ros/humble/share/rosidl_default_generators/cmake)
[2.561s] Error parsing '/home/maria/ros2_coche/src/nmea_msgs/package.xml':
[2.652s] Traceback (most recent call last):
[2.652s]   File "/usr/lib/python3/dist-packages/catkin_pkg/package.py", line 610, in parse_package_string
[2.652s]     root = dom.parseString(data)
[2.652s]   File "/usr/lib/python3.10/xml/dom/minidom.py", line 1998, in parseString
[2.653s]     return expatbuilder.parseString(string)
[2.653s]   File "/usr/lib/python3.10/xml/dom/expatbuilder.py", line 925, in parseString
[2.653s]     return builder.parseString(string)
[2.654s]   File "/usr/lib/python3.10/xml/dom/expatbuilder.py", line 223, in parseString
[2.654s]     parser.Parse(string, True)
[2.654s] xml.parsers.expat.ExpatError: mismatched tag: line 25, column 2
[2.654s] 
[2.654s] During handling of the above exception, another exception occurred:
[2.654s] 
[2.654s] Traceback (most recent call last):
[2.654s]   File "/opt/ros/humble/share/ament_cmake_core/cmake/core/package_xml_2_cmake.py", line 150, in <module>
[2.654s]     main()
[2.655s]   File "/opt/ros/humble/share/ament_cmake_core/cmake/core/package_xml_2_cmake.py", line 53, in main
[2.655s]     raise e
[2.655s]   File "/opt/ros/humble/share/ament_cmake_core/cmake/core/package_xml_2_cmake.py", line 49, in main
[2.655s]     package = parse_package_string(
[2.655s]   File "/usr/lib/python3/dist-packages/catkin_pkg/package.py", line 612, in parse_package_string
[2.655s]     raise InvalidPackage('The manifest contains invalid XML:\n%s' % ex, filename)
[2.655s] catkin_pkg.package.InvalidPackage: Error(s) in package '/home/maria/ros2_coche/src/nmea_msgs/package.xml':
[2.655s] The manifest contains invalid XML:
[2.655s] mismatched tag: line 25, column 2
[2.679s] [31mCMake Error at /opt/ros/humble/share/ament_cmake_core/cmake/core/ament_package_xml.cmake:95 (message):
[2.679s]   execute_process(/usr/bin/python3.10
[2.680s]   /opt/ros/humble/share/ament_cmake_core/cmake/core/package_xml_2_cmake.py
[2.680s]   /home/maria/ros2_coche/src/nmea_msgs/package.xml
[2.680s]   /home/maria/ros2_coche/build/nmea_msgs/ament_cmake_core/package.cmake)
[2.680s]   returned error code 1
[2.680s] Call Stack (most recent call first):
[2.680s]   /opt/ros/humble/share/ament_cmake_core/cmake/core/ament_package_xml.cmake:49 (_ament_package_xml)
[2.680s]   /opt/ros/humble/share/rosidl_cmake/cmake/rosidl_generate_interfaces.cmake:226 (ament_package_xml)
[2.680s]   CMakeLists.txt:10 (rosidl_generate_interfaces)
[2.680s] 
[2.681s] [0m
[2.681s] -- Configuring incomplete, errors occurred!
[2.681s] See also "/home/maria/ros2_coche/build/nmea_msgs/CMakeFiles/CMakeOutput.log".
[2.692s] Invoked command in '/home/maria/ros2_coche/build/nmea_msgs' returned '1': /usr/bin/cmake /home/maria/ros2_coche/src/nmea_msgs -DCMAKE_INSTALL_PREFIX=/home/maria/ros2_coche/install/nmea_msgs
