[01m[K/home/maria/ros2_coche/src/c4_gps/src/trimble_gps.cpp:[m[K In member function â€˜[01m[Kvoid TrimbleGps::timer_callback()[m[Kâ€™:
[01m[K/home/maria/ros2_coche/src/c4_gps/src/trimble_gps.cpp:86:34:[m[K [01;31m[Kerror: [m[Kâ€˜[01m[Kstruct nmea_msgs::msg::Gpgga_<std::allocator<void> >[m[Kâ€™ has no member named â€˜[01m[Kdata[m[Kâ€™
   86 |         if(messagegps != message.[01;31m[Kdata[m[K)
      |                                  [01;31m[K^~~~[m[K
[01m[K/home/maria/ros2_coche/src/c4_gps/src/trimble_gps.cpp:89:19:[m[K [01;31m[Kerror: [m[Kâ€˜[01m[Kstruct nmea_msgs::msg::Gpgga_<std::allocator<void> >[m[Kâ€™ has no member named â€˜[01m[Kdata[m[Kâ€™
   89 |           message.[01;31m[Kdata[m[K = messagegps;
      |                   [01;31m[K^~~~[m[K
gmake[2]: *** [CMakeFiles/t_gps.dir/build.make:76: CMakeFiles/t_gps.dir/src/trimble_gps.cpp.o] Error 1
gmake[1]: *** [CMakeFiles/Makefile2:137: CMakeFiles/t_gps.dir/all] Error 2
gmake: *** [Makefile:146: all] Error 2
