[35m[1mConsolidate compiler generated dependencies of target t_gps[0m
[ 50%] [32mBuilding CXX object CMakeFiles/t_gps.dir/src/gps_reader.cpp.o[0m
[01m[K/home/maria/ros2_coche/src/c4_gps/src/gps_reader.cpp:[m[K In member function â€˜[01m[Kvoid GpsReader::gpgga_callback()[m[Kâ€™:
[01m[K/home/maria/ros2_coche/src/c4_gps/src/gps_reader.cpp:43:47:[m[K [01;31m[Kerror: [m[Kconversion from â€˜[01m[Kbuiltin_interfaces::msg::Time_<std::allocator<void> >::_sec_type[m[Kâ€™ {aka â€˜[01m[Kint[m[Kâ€™} to non-scalar type â€˜[01m[Kstd::string[m[Kâ€™ {aka â€˜[01m[Kstd::__cxx11::basic_string<char>[m[Kâ€™} requested
   43 |       std::string time = [01;31m[Kmessage.header.stamp.sec[m[K;
      |                          [01;31m[K~~~~~~~~~~~~~~~~~~~~~^~~[m[K
[01m[K/home/maria/ros2_coche/src/c4_gps/src/gps_reader.cpp:44:38:[m[K [01;31m[Kerror: [m[Kconversion from â€˜[01m[Knmea_msgs::msg::Gpgga_<std::allocator<void> >::_lat_type[m[Kâ€™ {aka â€˜[01m[Kdouble[m[Kâ€™} to non-scalar type â€˜[01m[Kstd::string[m[Kâ€™ {aka â€˜[01m[Kstd::__cxx11::basic_string<char>[m[Kâ€™} requested
   44 |       std::string latitude = [01;31m[Kmessage.lat[m[K;
      |                              [01;31m[K~~~~~~~~^~~[m[K
[01m[K/home/maria/ros2_coche/src/c4_gps/src/gps_reader.cpp:56:33:[m[K [01;31m[Kerror: [m[Kcannot call member function â€˜[01m[Kvoid rclcpp::Executor::cancel()[m[Kâ€™ without object
   56 |         [01;31m[Krclcpp::Executor::cancel()[m[K
      |         [01;31m[K~~~~~~~~~~~~~~~~~~~~~~~~^~[m[K
[01m[K/home/maria/ros2_coche/src/c4_gps/src/gps_reader.cpp:88:81:[m[K [01;31m[Kerror: [m[Kexpected primary-expression before â€˜[01m[K.[m[Kâ€™ token
   88 |           snprintf(message_struct, 200, "Timestamp: %s, Latitude: %s", timestamp[01;31m[K.[m[Kc_str(), latitude.c_str());
      |                                                                                 [01;31m[K^[m[K
[01m[K/home/maria/ros2_coche/src/c4_gps/src/gps_reader.cpp:92:24:[m[K [01;31m[Kerror: [m[Kinvalid array assignment
   92 |             [01;31m[Kmessagegps = message_struct[m[K;
      |             [01;31m[K~~~~~~~~~~~^~~~~~~~~~~~~~~~[m[K
gmake[2]: *** [CMakeFiles/t_gps.dir/build.make:76: CMakeFiles/t_gps.dir/src/gps_reader.cpp.o] Error 1
gmake[1]: *** [CMakeFiles/Makefile2:137: CMakeFiles/t_gps.dir/all] Error 2
gmake: *** [Makefile:146: all] Error 2
