[0.020s] Invoking command in '/home/maria/ros2_coche/build/c4_gps': CMAKE_PREFIX_PATH=${CMAKE_PREFIX_PATH}:/opt/ros/humble /usr/bin/cmake --build /home/maria/ros2_coche/build/c4_gps -- -j12 -l12
[0.092s] [35m[1mConsolidate compiler generated dependencies of target talker[0m
[0.162s] [ 50%] [32mBuilding CXX object CMakeFiles/talker.dir/src/publisher_member_function.cpp.o[0m
[3.961s] [01m[K/home/maria/ros2_coche/src/c4_gps/src/publisher_member_function.cpp:[m[K In member function â€˜[01m[Kvoid MinimalPublisher::timer_callback()[m[Kâ€™:
[3.961s] [01m[K/home/maria/ros2_coche/src/c4_gps/src/publisher_member_function.cpp:93:35:[m[K [01;31m[Kerror: [m[Kcannot convert â€˜[01m[Kstd_msgs::msg::String_<std::allocator<void> >[m[Kâ€™ to â€˜[01m[Kvoid*[m[Kâ€™
[3.962s]    93 |       if ((msgSize = read(sockFd, [01;31m[Kmessage[m[K, sizeof(messagegps) - 1)) > 0)
[3.962s]       |                                   [01;31m[K^~~~~~~[m[K
[3.962s]       |                                   [01;31m[K|[m[K
[3.962s]       |                                   [01;31m[Kstd_msgs::msg::String_<std::allocator<void> >[m[K
[3.962s] In file included from [01m[K/home/maria/ros2_coche/src/c4_gps/src/publisher_member_function.cpp:11[m[K:
[3.962s] [01m[K/usr/include/unistd.h:371:38:[m[K [01;36m[Knote: [m[K  initializing argument 2 of â€˜[01m[Kssize_t read(int, void*, size_t)[m[Kâ€™
[3.963s]   371 | extern ssize_t read (int __fd, [01;36m[Kvoid *__buf[m[K, size_t __nbytes) __wur
[3.963s]       |                                [01;36m[K~~~~~~^~~~~[m[K
[3.963s] [01m[K/home/maria/ros2_coche/src/c4_gps/src/publisher_member_function.cpp:57:9:[m[K [01;35m[Kwarning: [m[Kunused variable â€˜[01m[KreturnValue[m[Kâ€™ [[01;35m[K]8;;https://gcc.gnu.org/onlinedocs/gcc/Warning-Options.html#index-Wunused-variable-Wunused-variable]8;;[m[K]
[3.963s]    57 |     int [01;35m[KreturnValue[m[K = 0;
[3.963s]       |         [01;35m[K^~~~~~~~~~~[m[K
[5.296s] gmake[2]: *** [CMakeFiles/talker.dir/build.make:76: CMakeFiles/talker.dir/src/publisher_member_function.cpp.o] Error 1
[5.297s] gmake[1]: *** [CMakeFiles/Makefile2:137: CMakeFiles/talker.dir/all] Error 2
[5.297s] gmake: *** [Makefile:146: all] Error 2
[5.300s] Invoked command in '/home/maria/ros2_coche/build/c4_gps' returned '2': CMAKE_PREFIX_PATH=${CMAKE_PREFIX_PATH}:/opt/ros/humble /usr/bin/cmake --build /home/maria/ros2_coche/build/c4_gps -- -j12 -l12
