[01m[Kcc1plus:[m[K [01;31m[Kfatal error: [m[K/home/maria/ros2_coche/src/c4_gps/src/publisher_member_function.cpp: No such file or directory
compilation terminated.
gmake[2]: *** [CMakeFiles/talker.dir/build.make:76: CMakeFiles/talker.dir/src/publisher_member_function.cpp.o] Error 1
gmake[1]: *** [CMakeFiles/Makefile2:137: CMakeFiles/talker.dir/all] Error 2
gmake: *** [Makefile:146: all] Error 2
