[35m[1mConsolidate compiler generated dependencies of target t_gps[0m
[ 50%] [32mBuilding CXX object CMakeFiles/t_gps.dir/src/trimble_gps.cpp.o[0m
[01m[K/home/maria/ros2_coche/src/c4_gps/src/trimble_gps.cpp:[m[K In member function â€˜[01m[Kvoid TrimbleGps::gpgga_callback()[m[Kâ€™:
[01m[K/home/maria/ros2_coche/src/c4_gps/src/trimble_gps.cpp:87:26:[m[K [01;31m[Kerror: [m[Kinvalid operands of types â€˜[01m[Kchar [100][m[Kâ€™ and â€˜[01m[Kconst char [12][m[Kâ€™ to binary â€˜[01m[Koperator<<[m[Kâ€™
   87 |           [32m[Kmessage_struct[m[K [01;31m[K<<[m[K [34m[K"Timestamp: "[m[K << message.header.stamp.sec << ", Latitude: " << message.lat;
      |           [32m[K~~~~~~~~~~~~~~[m[K [01;31m[K^~[m[K [34m[K~~~~~~~~~~~~~[m[K
      |           [32m[K|[m[K                 [34m[K|[m[K
      |           [32m[Kchar [100][m[K        [34m[Kconst char [12][m[K
[01m[K/home/maria/ros2_coche/src/c4_gps/src/trimble_gps.cpp:91:24:[m[K [01;31m[Kerror: [m[Kinvalid array assignment
   91 |             [01;31m[Kmessagegps = message_struct[m[K;
      |             [01;31m[K~~~~~~~~~~~^~~~~~~~~~~~~~~~[m[K
gmake[2]: *** [CMakeFiles/t_gps.dir/build.make:76: CMakeFiles/t_gps.dir/src/trimble_gps.cpp.o] Error 1
gmake[1]: *** [CMakeFiles/Makefile2:137: CMakeFiles/t_gps.dir/all] Error 2
gmake: *** [Makefile:146: all] Error 2
