[0.094s] Invoking command in '/home/maria/ros2_coche/build/c4_gps': AMENT_PREFIX_PATH=/home/maria/ros2_coche/install/nmea_msgs:${AMENT_PREFIX_PATH} CMAKE_PREFIX_PATH=/opt/ros/humble:/home/maria/ros2_coche/install/nmea_msgs LD_LIBRARY_PATH=/home/maria/ros2_coche/install/nmea_msgs/lib:${LD_LIBRARY_PATH} PYTHONPATH=/home/maria/ros2_coche/install/nmea_msgs/local/lib/python3.10/dist-packages:${PYTHONPATH} /usr/bin/cmake --build /home/maria/ros2_coche/build/c4_gps -- -j12 -l12
[0.188s] [35m[1mConsolidate compiler generated dependencies of target t_gps[0m
[0.259s] [ 50%] [32mBuilding CXX object CMakeFiles/t_gps.dir/src/gps_reader.cpp.o[0m
[4.260s] [01m[K/home/maria/ros2_coche/src/c4_gps/src/gps_reader.cpp:[m[K In member function â€˜[01m[Kvoid GpsReader::gpgga_callback()[m[Kâ€™:
[4.260s] [01m[K/home/maria/ros2_coche/src/c4_gps/src/gps_reader.cpp:84:90:[m[K [01;35m[Kwarning: [m[Kformat â€˜[01m[K%x[m[Kâ€™ expects argument of type â€˜[01m[Kunsigned int*[m[Kâ€™, but argument 17 has type â€˜[01m[Kint*[m[Kâ€™ [[01;35m[K]8;;https://gcc.gnu.org/onlinedocs/gcc/Warning-Options.html#index-Wformat=-Wformat=]8;;[m[K]
[4.260s]    84 |             sscanf(messagegps, "$GPGGA,%lf,%lf,%c,%lf,%c,%d,%d,%lf,%lf,%c,%lf,%c,%lf,%d*[01;35m[K%x[m[K", &d1,&d2,&c1,&d3,&c2,&i1,&i2,&d4,&d5,&c3,&d6,&c4,&d7,&i3,[32m[K&i4[m[K)
[4.260s]       |                                                                                         [01;35m[K~^[m[K                                                           [32m[K~~~[m[K
[4.260s]       |                                                                                          [01;35m[K|[m[K                                                           [32m[K|[m[K
[4.261s]       |                                                                                          [01;35m[Kunsigned int*[m[K                                               [32m[Kint*[m[K
[4.261s]       |                                                                                         [32m[K%x[m[K
[4.261s] [01m[K/home/maria/ros2_coche/src/c4_gps/src/gps_reader.cpp:85:13:[m[K [01;31m[Kerror: [m[Kexpected â€˜[01m[K;[m[Kâ€™ before â€˜[01m[Kstrcpy[m[Kâ€™
[4.261s]    85 |             [01;31m[Kstrcpy[m[K(message_struct, messagegps);
[4.261s]       |             [01;31m[K^~~~~~[m[K
[5.634s] gmake[2]: *** [CMakeFiles/t_gps.dir/build.make:76: CMakeFiles/t_gps.dir/src/gps_reader.cpp.o] Error 1
[5.634s] gmake[1]: *** [CMakeFiles/Makefile2:137: CMakeFiles/t_gps.dir/all] Error 2
[5.634s] gmake: *** [Makefile:146: all] Error 2
[5.638s] Invoked command in '/home/maria/ros2_coche/build/c4_gps' returned '2': AMENT_PREFIX_PATH=/home/maria/ros2_coche/install/nmea_msgs:${AMENT_PREFIX_PATH} CMAKE_PREFIX_PATH=/opt/ros/humble:/home/maria/ros2_coche/install/nmea_msgs LD_LIBRARY_PATH=/home/maria/ros2_coche/install/nmea_msgs/lib:${LD_LIBRARY_PATH} PYTHONPATH=/home/maria/ros2_coche/install/nmea_msgs/local/lib/python3.10/dist-packages:${PYTHONPATH} /usr/bin/cmake --build /home/maria/ros2_coche/build/c4_gps -- -j12 -l12
