[35m[1mConsolidate compiler generated dependencies of target t_gps[0m
[ 50%] [32mBuilding CXX object CMakeFiles/t_gps.dir/src/trimble_gps.cpp.o[0m
[01m[K/home/maria/ros2_coche/src/c4_gps/src/trimble_gps.cpp:[m[K In member function â€˜[01m[Kvoid TrimbleGps::gpgga_callback()[m[Kâ€™:
[01m[K/home/maria/ros2_coche/src/c4_gps/src/trimble_gps.cpp:87:70:[m[K [01;31m[Kerror: [m[Krequest for member â€˜[01m[Kc_str[m[Kâ€™ in â€˜[01m[Kmessage.nmea_msgs::msg::Gpgga_<std::allocator<void> >::header.std_msgs::msg::Header_<std::allocator<void> >::stamp.builtin_interfaces::msg::Time_<std::allocator<void> >::sec[m[Kâ€™, which is of non-class type â€˜[01m[Kbuiltin_interfaces::msg::Time_<std::allocator<void> >::_sec_type[m[Kâ€™ {aka â€˜[01m[Kint[m[Kâ€™}
   87 |           message_struct = "Timestamp: " << message.header.stamp.sec.[01;31m[Kc_str[m[K() << ", Latitude: " << message.lat;
      |                                                                      [01;31m[K^~~~~[m[K
[01m[K/home/maria/ros2_coche/src/c4_gps/src/trimble_gps.cpp:91:24:[m[K [01;31m[Kerror: [m[Kinvalid array assignment
   91 |             [01;31m[Kmessagegps = message_struct[m[K;
      |             [01;31m[K~~~~~~~~~~~^~~~~~~~~~~~~~~~[m[K
gmake[2]: *** [CMakeFiles/t_gps.dir/build.make:76: CMakeFiles/t_gps.dir/src/trimble_gps.cpp.o] Error 1
gmake[1]: *** [CMakeFiles/Makefile2:137: CMakeFiles/t_gps.dir/all] Error 2
gmake: *** [Makefile:146: all] Error 2
